<?xml version="1.0" encoding="UTF-8"?>
<!-- Generated by org.testng.reporters.JUnitReportReporter -->
<testsuite skipped="0" hostname="Fundush" name="testNGpractice.annotationExecutionSequence" tests="2" failures="0" timestamp="05 Apr 2019 12:16:54 GMT" time="0.049" errors="0">
  <testcase name="f1" time="0.028" classname="testNGpractice.annotationExecutionSequence"/>
  <testcase name="f2" time="0.021" classname="testNGpractice.annotationExecutionSequence"/>
</testsuite> <!-- testNGpractice.annotationExecutionSequence -->
